2015/02/13 15:06:45 INFO  - jmeter.util.JMeterUtils: Setting Locale to en_US 
2015/02/13 15:06:45 INFO  - jmeter.JMeter: Loading user properties from: /usr/local/apache-jmeter-2.12/bin/user.properties 
2015/02/13 15:06:45 INFO  - jmeter.JMeter: Loading system properties from: /usr/local/apache-jmeter-2.12/bin/system.properties 
2015/02/13 15:06:45 INFO  - jmeter.JMeter: Copyright (c) 1998-2014 The Apache Software Foundation 
2015/02/13 15:06:45 INFO  - jmeter.JMeter: Version 2.12 r1636949 
2015/02/13 15:06:45 INFO  - jmeter.JMeter: java.version=1.6.0_34 
2015/02/13 15:06:45 INFO  - jmeter.JMeter: java.vm.name=OpenJDK 64-Bit Server VM 
2015/02/13 15:06:45 INFO  - jmeter.JMeter: os.name=Linux 
2015/02/13 15:06:45 INFO  - jmeter.JMeter: os.arch=amd64 
2015/02/13 15:06:45 INFO  - jmeter.JMeter: os.version=3.2.0-75-virtual 
2015/02/13 15:06:45 INFO  - jmeter.JMeter: file.encoding=UTF-8 
2015/02/13 15:06:45 INFO  - jmeter.JMeter: Default Locale=English (United States) 
2015/02/13 15:06:45 INFO  - jmeter.JMeter: JMeter  Locale=English (United States) 
2015/02/13 15:06:45 INFO  - jmeter.JMeter: JMeterHome=/usr/local/apache-jmeter-2.12 
2015/02/13 15:06:45 INFO  - jmeter.JMeter: user.dir  =/home/ubuntu 
2015/02/13 15:06:45 INFO  - jmeter.JMeter: PWD       =/home/ubuntu 
2015/02/13 15:06:45 INFO  - jmeter.JMeter: IP: 10.0.0.104 Name: ip-10-0-0-104 FullName: ip-10-0-0-104.ec2.internal 
2015/02/13 15:06:45 INFO  - jmeter.JMeter: Loaded icon properties from org/apache/jmeter/images/icon.properties 
2015/02/13 15:06:48 INFO  - jmeter.engine.util.CompoundVariable: Note: Function class names must contain the string: '.functions.' 
2015/02/13 15:06:48 INFO  - jmeter.engine.util.CompoundVariable: Note: Function class names must not contain the string: '.gui.' 
2015/02/13 15:06:50 INFO  - jmeter.gui.action.LookAndFeelCommand: Using look and feel: javax.swing.plaf.metal.MetalLookAndFeel [Metal, CrossPlatform, System] 
2015/02/13 15:06:55 INFO  - jmeter.util.BSFTestElement: Registering JMeter version of JavaScript engine as work-round for BSF-22 
2015/02/13 15:06:56 INFO  - jmeter.protocol.http.sampler.HTTPSamplerBase: Cannot find .className property for htmlParser, using default 
2015/02/13 15:06:56 INFO  - jmeter.protocol.http.sampler.HTTPSamplerBase: Parser for text/html is  
2015/02/13 15:06:56 INFO  - jmeter.protocol.http.sampler.HTTPSamplerBase: Parser for application/xhtml+xml is  
2015/02/13 15:06:56 INFO  - jmeter.protocol.http.sampler.HTTPSamplerBase: Parser for application/xml is  
2015/02/13 15:06:56 INFO  - jmeter.protocol.http.sampler.HTTPSamplerBase: Parser for text/xml is  
2015/02/13 15:06:56 INFO  - jmeter.protocol.http.sampler.HTTPSamplerBase: Parser for text/vnd.wap.wml is org.apache.jmeter.protocol.http.parser.RegexpHTMLParser 
2015/02/13 15:06:56 INFO  - jmeter.gui.util.MenuFactory: Skipping org.apache.jmeter.protocol.http.control.gui.WebServiceSamplerGui 
2015/02/13 15:06:56 INFO  - jmeter.gui.util.MenuFactory: Skipping org.apache.jmeter.protocol.http.modifier.gui.ParamModifierGui 
2015/02/13 15:06:56 INFO  - jorphan.exec.KeyToolUtils: keytool found at 'keytool' 
2015/02/13 15:06:56 WARN  - jmeter.protocol.http.proxy.ProxyControl: HTTP(S) Test Script Recorder SSL Proxy will use keys that may not work for embedded resources in file /usr/local/apache-jmeter-2.12/bin/proxyserver.jks 
2015/02/13 15:06:58 INFO  - jmeter.samplers.SampleResult: Note: Sample TimeStamps are START times 
2015/02/13 15:06:58 INFO  - jmeter.samplers.SampleResult: sampleresult.default.encoding is set to ISO-8859-1 
2015/02/13 15:06:58 INFO  - jmeter.samplers.SampleResult: sampleresult.useNanoTime=true 
2015/02/13 15:06:58 INFO  - jmeter.samplers.SampleResult: sampleresult.nanoThreadSleep=5000 
2015/02/13 15:07:10 INFO  - jmeter.services.FileServer: Default base='/home/ubuntu' 
2015/02/13 15:07:10 INFO  - jmeter.gui.action.Load: Loading file: /home/ubuntu/TEST0003.jmx 
2015/02/13 15:07:10 INFO  - jmeter.services.FileServer: Set new base='/home/ubuntu' 
2015/02/13 15:07:10 INFO  - jmeter.save.SaveService: Testplan (JMX) version: 2.2. Testlog (JTL) version: 2.2 
2015/02/13 15:07:10 INFO  - jmeter.save.SaveService: Using SaveService properties file encoding UTF-8 
2015/02/13 15:07:10 INFO  - jmeter.save.SaveService: Using SaveService properties version 2.7 
2015/02/13 15:07:10 INFO  - jmeter.save.SaveService: Using SaveService properties file version 1618048 
2015/02/13 15:07:10 INFO  - jmeter.save.SaveService: All converter versions present and correct 
2015/02/13 15:07:10 INFO  - jmeter.protocol.http.control.CookieManager: Settings: Delete null: true Check: true Allow variable: true Save: false Prefix: COOKIE_ 
2015/02/13 15:07:10 INFO  - jmeter.protocol.http.control.CacheManager: Will only cache the following methods: [GET] 
2015/02/13 15:07:11 INFO  - jmeter.services.FileServer: Set new base='/home/ubuntu' 
2015/02/13 15:09:01 INFO  - jmeter.engine.StandardJMeterEngine: Listeners will be started after enabling running version 
2015/02/13 15:09:01 INFO  - jmeter.engine.StandardJMeterEngine: To revert to the earlier behaviour, define jmeterengine.startlistenerslater=false 
2015/02/13 15:09:01 INFO  - jmeter.engine.StandardJMeterEngine: Running the test! 
2015/02/13 15:09:01 INFO  - jmeter.samplers.SampleEvent: List of sample_variables: [] 
2015/02/13 15:09:01 INFO  - jmeter.samplers.SampleEvent: List of sample_variables: [] 
2015/02/13 15:09:01 INFO  - jmeter.gui.util.JMeterMenuBar: setRunning(true,*local*) 
2015/02/13 15:09:01 INFO  - jmeter.engine.StandardJMeterEngine: Starting ThreadGroup: 1 : Thread Group 
2015/02/13 15:09:01 INFO  - jmeter.engine.StandardJMeterEngine: Starting 100 threads for group Thread Group. 
2015/02/13 15:09:01 INFO  - jmeter.engine.StandardJMeterEngine: Thread will continue on error 
2015/02/13 15:09:01 INFO  - jmeter.threads.ThreadGroup: Starting thread group number 1 threads 100 ramp-up 120 perThread 1200.0 delayedStart=false 
2015/02/13 15:09:01 INFO  - jmeter.threads.JMeterThread: jmeterthread.startearlier=true (see jmeter.properties) 
2015/02/13 15:09:01 INFO  - jmeter.threads.JMeterThread: Running PostProcessors in forward order 
2015/02/13 15:09:02 INFO  - jmeter.threads.JMeterThread: Thread started: Thread Group 1-1 
2015/02/13 15:09:02 INFO  - jmeter.services.FileServer: Stored: /home/ubuntu/load.csv 
2015/02/13 15:09:02 INFO  - jmeter.threads.ThreadGroup: Started thread group number 1 
2015/02/13 15:09:02 INFO  - jmeter.engine.StandardJMeterEngine: All thread groups have been started 
2015/02/13 15:09:03 INFO  - jmeter.threads.JMeterThread: Thread started: Thread Group 1-2 
2015/02/13 15:09:04 INFO  - jmeter.threads.JMeterThread: Thread started: Thread Group 1-3 
2015/02/13 15:09:05 INFO  - jmeter.threads.JMeterThread: Thread started: Thread Group 1-4 
2015/02/13 15:09:06 INFO  - jmeter.threads.JMeterThread: Thread started: Thread Group 1-5 
2015/02/13 15:09:08 INFO  - jmeter.threads.JMeterThread: Thread started: Thread Group 1-6 
2015/02/13 15:09:09 INFO  - jmeter.threads.JMeterThread: Thread started: Thread Group 1-7 
2015/02/13 15:09:10 INFO  - jmeter.threads.JMeterThread: Thread started: Thread Group 1-8 
2015/02/13 15:09:11 INFO  - jmeter.threads.JMeterThread: Thread started: Thread Group 1-9 
2015/02/13 15:09:12 INFO  - jmeter.threads.JMeterThread: Thread started: Thread Group 1-10 
2015/02/13 15:09:14 INFO  - jmeter.threads.JMeterThread: Thread started: Thread Group 1-11 
2015/02/13 15:09:15 INFO  - jmeter.threads.JMeterThread: Thread started: Thread Group 1-12 
2015/02/13 15:09:16 INFO  - jmeter.threads.JMeterThread: Thread started: Thread Group 1-13 
2015/02/13 15:09:17 INFO  - jmeter.threads.JMeterThread: Thread started: Thread Group 1-14 
2015/02/13 15:09:19 INFO  - jmeter.threads.JMeterThread: Thread started: Thread Group 1-15 
2015/02/13 15:09:20 INFO  - jmeter.threads.JMeterThread: Thread started: Thread Group 1-16 
2015/02/13 15:09:21 INFO  - jmeter.threads.JMeterThread: Thread started: Thread Group 1-17 
2015/02/13 15:09:22 INFO  - jmeter.threads.JMeterThread: Thread started: Thread Group 1-18 
2015/02/13 15:09:23 INFO  - jmeter.threads.JMeterThread: Thread started: Thread Group 1-19 
2015/02/13 15:09:25 INFO  - jmeter.threads.JMeterThread: Thread started: Thread Group 1-20 
2015/02/13 15:09:26 INFO  - jmeter.threads.JMeterThread: Thread started: Thread Group 1-21 
2015/02/13 15:09:27 INFO  - jmeter.threads.JMeterThread: Thread started: Thread Group 1-22 
2015/02/13 15:09:28 INFO  - jmeter.threads.JMeterThread: Thread started: Thread Group 1-23 
2015/02/13 15:09:29 INFO  - jmeter.threads.JMeterThread: Thread started: Thread Group 1-24 
2015/02/13 15:09:31 INFO  - jmeter.threads.JMeterThread: Thread started: Thread Group 1-25 
2015/02/13 15:09:32 INFO  - jmeter.protocol.http.sampler.HTTPHCAbstractImpl: Local host = ip-10-0-0-104 
2015/02/13 15:09:32 INFO  - jmeter.protocol.http.sampler.HTTPHC4Impl: HTTP request retry count = 0 
2015/02/13 15:09:32 INFO  - jmeter.protocol.http.sampler.HTTPHC4Impl: Setting up HTTPS TrustAll scheme 
2015/02/13 15:09:32 INFO  - jmeter.util.JsseSSLManager: Using default SSL protocol: TLS 
2015/02/13 15:09:32 INFO  - jmeter.util.JsseSSLManager: SSL session context: per-thread 
2015/02/13 15:09:32 INFO  - jmeter.threads.JMeterThread: Thread started: Thread Group 1-26 
2015/02/13 15:09:32 INFO  - jmeter.util.SSLManager: JmeterKeyStore Location:  type JKS 
2015/02/13 15:09:32 INFO  - jmeter.util.SSLManager: KeyStore created OK 
2015/02/13 15:09:32 WARN  - jmeter.util.SSLManager: Keystore file not found, loading empty keystore 
2015/02/13 15:09:33 INFO  - jmeter.threads.JMeterThread: Thread started: Thread Group 1-27 
2015/02/13 15:09:33 INFO  - jmeter.protocol.http.parser.HTMLParser: Created org.apache.jmeter.protocol.http.parser.LagartoBasedHtmlParser 
2015/02/13 15:09:34 INFO  - jmeter.threads.JMeterThread: Thread started: Thread Group 1-28 
2015/02/13 15:09:35 INFO  - jmeter.threads.JMeterThread: Thread started: Thread Group 1-29 
2015/02/13 15:09:37 INFO  - jmeter.threads.JMeterThread: Thread started: Thread Group 1-30 
2015/02/13 15:09:38 INFO  - jmeter.threads.JMeterThread: Thread started: Thread Group 1-31 
2015/02/13 15:09:39 INFO  - jmeter.threads.JMeterThread: Thread started: Thread Group 1-32 
2015/02/13 15:09:40 INFO  - jmeter.threads.JMeterThread: Thread started: Thread Group 1-33 
2015/02/13 15:09:41 INFO  - jmeter.threads.JMeterThread: Thread started: Thread Group 1-34 
2015/02/13 15:09:43 INFO  - jmeter.threads.JMeterThread: Thread started: Thread Group 1-35 
2015/02/13 15:09:44 INFO  - jmeter.threads.JMeterThread: Thread started: Thread Group 1-36 
2015/02/13 15:09:45 INFO  - jmeter.threads.JMeterThread: Thread started: Thread Group 1-37 
2015/02/13 15:09:46 INFO  - jmeter.threads.JMeterThread: Thread started: Thread Group 1-38 
2015/02/13 15:09:47 INFO  - jmeter.threads.JMeterThread: Thread started: Thread Group 1-39 
2015/02/13 15:09:49 INFO  - jmeter.threads.JMeterThread: Thread started: Thread Group 1-40 
2015/02/13 15:09:50 INFO  - jmeter.threads.JMeterThread: Thread started: Thread Group 1-41 
2015/02/13 15:09:51 INFO  - jmeter.threads.JMeterThread: Thread started: Thread Group 1-42 
2015/02/13 15:09:52 INFO  - jmeter.threads.JMeterThread: Thread started: Thread Group 1-43 
2015/02/13 15:09:54 INFO  - jmeter.threads.JMeterThread: Thread started: Thread Group 1-44 
2015/02/13 15:09:55 INFO  - jmeter.threads.JMeterThread: Thread started: Thread Group 1-45 
2015/02/13 15:09:56 INFO  - jmeter.threads.JMeterThread: Thread started: Thread Group 1-46 
2015/02/13 15:09:57 INFO  - jmeter.threads.JMeterThread: Thread started: Thread Group 1-47 
2015/02/13 15:09:58 INFO  - jmeter.threads.JMeterThread: Thread started: Thread Group 1-48 
2015/02/13 15:10:00 INFO  - jmeter.threads.JMeterThread: Thread started: Thread Group 1-49 
2015/02/13 15:10:01 INFO  - jmeter.threads.JMeterThread: Thread started: Thread Group 1-50 
2015/02/13 15:10:02 INFO  - jmeter.threads.JMeterThread: Thread started: Thread Group 1-51 
2015/02/13 15:10:03 INFO  - jmeter.threads.JMeterThread: Thread started: Thread Group 1-52 
2015/02/13 15:10:04 INFO  - jmeter.threads.JMeterThread: Thread started: Thread Group 1-53 
2015/02/13 15:10:06 INFO  - jmeter.threads.JMeterThread: Thread started: Thread Group 1-54 
2015/02/13 15:10:07 INFO  - jmeter.threads.JMeterThread: Thread started: Thread Group 1-55 
2015/02/13 15:10:08 INFO  - jmeter.threads.JMeterThread: Thread started: Thread Group 1-56 
2015/02/13 15:10:09 INFO  - jmeter.threads.JMeterThread: Thread started: Thread Group 1-57 
2015/02/13 15:10:10 INFO  - jmeter.threads.JMeterThread: Thread started: Thread Group 1-58 
2015/02/13 15:10:12 INFO  - jmeter.threads.JMeterThread: Thread started: Thread Group 1-59 
2015/02/13 15:10:13 INFO  - jmeter.threads.JMeterThread: Thread started: Thread Group 1-60 
2015/02/13 15:10:14 INFO  - jmeter.threads.JMeterThread: Thread started: Thread Group 1-61 
2015/02/13 15:10:15 INFO  - jmeter.threads.JMeterThread: Thread started: Thread Group 1-62 
2015/02/13 15:10:16 INFO  - jmeter.threads.JMeterThread: Thread started: Thread Group 1-63 
2015/02/13 15:10:18 INFO  - jmeter.threads.JMeterThread: Thread started: Thread Group 1-64 
2015/02/13 15:10:19 INFO  - jmeter.threads.JMeterThread: Thread started: Thread Group 1-65 
2015/02/13 15:10:20 INFO  - jmeter.threads.JMeterThread: Thread started: Thread Group 1-66 
2015/02/13 15:10:21 INFO  - jmeter.threads.JMeterThread: Thread started: Thread Group 1-67 
2015/02/13 15:10:22 INFO  - jmeter.threads.JMeterThread: Thread started: Thread Group 1-68 
2015/02/13 15:10:24 INFO  - jmeter.threads.JMeterThread: Thread started: Thread Group 1-69 
2015/02/13 15:10:25 INFO  - jmeter.threads.JMeterThread: Thread started: Thread Group 1-70 
2015/02/13 15:10:26 INFO  - jmeter.threads.JMeterThread: Thread started: Thread Group 1-71 
2015/02/13 15:10:27 INFO  - jmeter.threads.JMeterThread: Thread started: Thread Group 1-72 
2015/02/13 15:10:29 INFO  - jmeter.threads.JMeterThread: Thread started: Thread Group 1-73 
2015/02/13 15:10:30 INFO  - jmeter.threads.JMeterThread: Thread started: Thread Group 1-74 
2015/02/13 15:10:31 INFO  - jmeter.threads.JMeterThread: Thread started: Thread Group 1-75 
2015/02/13 15:10:32 INFO  - jmeter.threads.JMeterThread: Thread started: Thread Group 1-76 
2015/02/13 15:10:33 INFO  - jmeter.threads.JMeterThread: Thread started: Thread Group 1-77 
2015/02/13 15:10:35 INFO  - jmeter.threads.JMeterThread: Thread started: Thread Group 1-78 
2015/02/13 15:10:36 INFO  - jmeter.threads.JMeterThread: Thread started: Thread Group 1-79 
2015/02/13 15:10:37 INFO  - jmeter.threads.JMeterThread: Thread started: Thread Group 1-80 
2015/02/13 15:10:38 INFO  - jmeter.threads.JMeterThread: Thread started: Thread Group 1-81 
2015/02/13 15:10:39 INFO  - jmeter.threads.JMeterThread: Thread started: Thread Group 1-82 
2015/02/13 15:10:41 INFO  - jmeter.threads.JMeterThread: Thread started: Thread Group 1-83 
2015/02/13 15:10:42 INFO  - jmeter.threads.JMeterThread: Thread started: Thread Group 1-84 
2015/02/13 15:10:43 INFO  - jmeter.threads.JMeterThread: Thread started: Thread Group 1-85 
2015/02/13 15:10:44 INFO  - jmeter.threads.JMeterThread: Thread started: Thread Group 1-86 
2015/02/13 15:10:45 INFO  - jmeter.threads.JMeterThread: Thread started: Thread Group 1-87 
2015/02/13 15:10:47 INFO  - jmeter.threads.JMeterThread: Thread started: Thread Group 1-88 
2015/02/13 15:10:48 INFO  - jmeter.threads.JMeterThread: Thread started: Thread Group 1-89 
2015/02/13 15:10:49 INFO  - jmeter.threads.JMeterThread: Thread started: Thread Group 1-90 
2015/02/13 15:10:50 INFO  - jmeter.threads.JMeterThread: Thread started: Thread Group 1-91 
2015/02/13 15:10:51 INFO  - jmeter.threads.JMeterThread: Thread started: Thread Group 1-92 
2015/02/13 15:10:53 INFO  - jmeter.threads.JMeterThread: Thread started: Thread Group 1-93 
2015/02/13 15:10:54 INFO  - jmeter.threads.JMeterThread: Thread started: Thread Group 1-94 
2015/02/13 15:10:55 INFO  - jmeter.threads.JMeterThread: Thread started: Thread Group 1-95 
2015/02/13 15:10:56 INFO  - jmeter.threads.JMeterThread: Thread started: Thread Group 1-96 
2015/02/13 15:10:57 INFO  - jmeter.threads.JMeterThread: Thread started: Thread Group 1-97 
2015/02/13 15:10:59 INFO  - jmeter.threads.JMeterThread: Thread started: Thread Group 1-98 
2015/02/13 15:11:00 INFO  - jmeter.threads.JMeterThread: Thread started: Thread Group 1-99 
2015/02/13 15:11:01 INFO  - jmeter.threads.JMeterThread: Thread started: Thread Group 1-100 
2015/02/13 15:14:45 INFO  - jmeter.threads.JMeterThread: Thread is done: Thread Group 1-3 
2015/02/13 15:14:45 INFO  - jmeter.threads.JMeterThread: Thread finished: Thread Group 1-3 
2015/02/13 15:14:51 INFO  - jmeter.threads.JMeterThread: Thread is done: Thread Group 1-6 
2015/02/13 15:14:51 INFO  - jmeter.threads.JMeterThread: Thread finished: Thread Group 1-6 
2015/02/13 15:14:51 INFO  - jmeter.threads.JMeterThread: Thread is done: Thread Group 1-5 
2015/02/13 15:14:51 INFO  - jmeter.threads.JMeterThread: Thread finished: Thread Group 1-5 
2015/02/13 15:14:52 INFO  - jmeter.threads.JMeterThread: Thread is done: Thread Group 1-1 
2015/02/13 15:14:52 INFO  - jmeter.threads.JMeterThread: Thread finished: Thread Group 1-1 
2015/02/13 15:14:53 INFO  - jmeter.threads.JMeterThread: Thread is done: Thread Group 1-9 
2015/02/13 15:14:53 INFO  - jmeter.threads.JMeterThread: Thread finished: Thread Group 1-9 
2015/02/13 15:14:54 INFO  - jmeter.threads.JMeterThread: Thread is done: Thread Group 1-4 
2015/02/13 15:14:54 INFO  - jmeter.threads.JMeterThread: Thread finished: Thread Group 1-4 
2015/02/13 15:14:54 INFO  - jmeter.threads.JMeterThread: Thread is done: Thread Group 1-10 
2015/02/13 15:14:54 INFO  - jmeter.threads.JMeterThread: Thread finished: Thread Group 1-10 
2015/02/13 15:14:54 INFO  - jmeter.threads.JMeterThread: Thread is done: Thread Group 1-2 
2015/02/13 15:14:54 INFO  - jmeter.threads.JMeterThread: Thread finished: Thread Group 1-2 
2015/02/13 15:14:54 INFO  - jmeter.threads.JMeterThread: Thread is done: Thread Group 1-7 
2015/02/13 15:14:54 INFO  - jmeter.threads.JMeterThread: Thread finished: Thread Group 1-7 
2015/02/13 15:14:54 INFO  - jmeter.threads.JMeterThread: Thread is done: Thread Group 1-11 
2015/02/13 15:14:54 INFO  - jmeter.threads.JMeterThread: Thread finished: Thread Group 1-11 
2015/02/13 15:14:54 INFO  - jmeter.threads.JMeterThread: Thread is done: Thread Group 1-8 
2015/02/13 15:14:54 INFO  - jmeter.threads.JMeterThread: Thread finished: Thread Group 1-8 
2015/02/13 15:14:58 INFO  - jmeter.threads.JMeterThread: Thread is done: Thread Group 1-13 
2015/02/13 15:14:58 INFO  - jmeter.threads.JMeterThread: Thread finished: Thread Group 1-13 
2015/02/13 15:14:58 INFO  - jmeter.threads.JMeterThread: Thread is done: Thread Group 1-12 
2015/02/13 15:14:58 INFO  - jmeter.threads.JMeterThread: Thread finished: Thread Group 1-12 
2015/02/13 15:14:59 INFO  - jmeter.threads.JMeterThread: Thread is done: Thread Group 1-14 
2015/02/13 15:14:59 INFO  - jmeter.threads.JMeterThread: Thread finished: Thread Group 1-14 
2015/02/13 15:14:59 INFO  - jmeter.threads.JMeterThread: Thread is done: Thread Group 1-15 
2015/02/13 15:14:59 INFO  - jmeter.threads.JMeterThread: Thread finished: Thread Group 1-15 
2015/02/13 15:14:59 INFO  - jmeter.threads.JMeterThread: Thread is done: Thread Group 1-16 
2015/02/13 15:14:59 INFO  - jmeter.threads.JMeterThread: Thread finished: Thread Group 1-16 
2015/02/13 15:15:01 INFO  - jmeter.threads.JMeterThread: Thread is done: Thread Group 1-18 
2015/02/13 15:15:01 INFO  - jmeter.threads.JMeterThread: Thread finished: Thread Group 1-18 
2015/02/13 15:15:01 INFO  - jmeter.threads.JMeterThread: Thread is done: Thread Group 1-17 
2015/02/13 15:15:01 INFO  - jmeter.threads.JMeterThread: Thread finished: Thread Group 1-17 
2015/02/13 15:15:02 INFO  - jmeter.threads.JMeterThread: Thread is done: Thread Group 1-20 
2015/02/13 15:15:02 INFO  - jmeter.threads.JMeterThread: Thread finished: Thread Group 1-20 
2015/02/13 15:15:02 INFO  - jmeter.threads.JMeterThread: Thread is done: Thread Group 1-19 
2015/02/13 15:15:02 INFO  - jmeter.threads.JMeterThread: Thread finished: Thread Group 1-19 
2015/02/13 15:15:04 INFO  - jmeter.threads.JMeterThread: Thread is done: Thread Group 1-21 
2015/02/13 15:15:04 INFO  - jmeter.threads.JMeterThread: Thread finished: Thread Group 1-21 
2015/02/13 15:15:04 INFO  - jmeter.threads.JMeterThread: Thread is done: Thread Group 1-22 
2015/02/13 15:15:04 INFO  - jmeter.threads.JMeterThread: Thread finished: Thread Group 1-22 
2015/02/13 15:15:08 INFO  - jmeter.threads.JMeterThread: Thread is done: Thread Group 1-23 
2015/02/13 15:15:08 INFO  - jmeter.threads.JMeterThread: Thread finished: Thread Group 1-23 
2015/02/13 15:15:09 INFO  - jmeter.threads.JMeterThread: Thread is done: Thread Group 1-24 
2015/02/13 15:15:09 INFO  - jmeter.threads.JMeterThread: Thread finished: Thread Group 1-24 
2015/02/13 15:15:09 INFO  - jmeter.threads.JMeterThread: Thread is done: Thread Group 1-25 
2015/02/13 15:15:09 INFO  - jmeter.threads.JMeterThread: Thread finished: Thread Group 1-25 
2015/02/13 15:15:09 INFO  - jmeter.threads.JMeterThread: Thread is done: Thread Group 1-26 
2015/02/13 15:15:09 INFO  - jmeter.threads.JMeterThread: Thread finished: Thread Group 1-26 
2015/02/13 15:15:10 INFO  - jmeter.threads.JMeterThread: Thread is done: Thread Group 1-27 
2015/02/13 15:15:10 INFO  - jmeter.threads.JMeterThread: Thread finished: Thread Group 1-27 
2015/02/13 15:15:13 INFO  - jmeter.threads.JMeterThread: Thread is done: Thread Group 1-29 
2015/02/13 15:15:13 INFO  - jmeter.threads.JMeterThread: Thread finished: Thread Group 1-29 
2015/02/13 15:15:13 INFO  - jmeter.threads.JMeterThread: Thread is done: Thread Group 1-28 
2015/02/13 15:15:13 INFO  - jmeter.threads.JMeterThread: Thread finished: Thread Group 1-28 
2015/02/13 15:15:14 INFO  - jmeter.threads.JMeterThread: Thread is done: Thread Group 1-30 
2015/02/13 15:15:14 INFO  - jmeter.threads.JMeterThread: Thread finished: Thread Group 1-30 
2015/02/13 15:15:17 INFO  - jmeter.threads.JMeterThread: Thread is done: Thread Group 1-32 
2015/02/13 15:15:17 INFO  - jmeter.threads.JMeterThread: Thread finished: Thread Group 1-32 
2015/02/13 15:15:18 INFO  - jmeter.threads.JMeterThread: Thread is done: Thread Group 1-31 
2015/02/13 15:15:18 INFO  - jmeter.threads.JMeterThread: Thread finished: Thread Group 1-31 
2015/02/13 15:15:24 INFO  - jmeter.threads.JMeterThread: Thread is done: Thread Group 1-35 
2015/02/13 15:15:24 INFO  - jmeter.threads.JMeterThread: Thread finished: Thread Group 1-35 
2015/02/13 15:15:28 INFO  - jmeter.threads.JMeterThread: Thread is done: Thread Group 1-37 
2015/02/13 15:15:28 INFO  - jmeter.threads.JMeterThread: Thread finished: Thread Group 1-37 
2015/02/13 15:15:29 INFO  - jmeter.threads.JMeterThread: Thread is done: Thread Group 1-36 
2015/02/13 15:15:29 INFO  - jmeter.threads.JMeterThread: Thread finished: Thread Group 1-36 
2015/02/13 15:15:29 INFO  - jmeter.threads.JMeterThread: Thread is done: Thread Group 1-34 
2015/02/13 15:15:29 INFO  - jmeter.threads.JMeterThread: Thread finished: Thread Group 1-34 
2015/02/13 15:15:29 INFO  - jmeter.threads.JMeterThread: Thread is done: Thread Group 1-33 
2015/02/13 15:15:29 INFO  - jmeter.threads.JMeterThread: Thread finished: Thread Group 1-33 
2015/02/13 15:15:29 INFO  - jmeter.threads.JMeterThread: Thread is done: Thread Group 1-39 
2015/02/13 15:15:29 INFO  - jmeter.threads.JMeterThread: Thread finished: Thread Group 1-39 
2015/02/13 15:15:30 INFO  - jmeter.threads.JMeterThread: Thread is done: Thread Group 1-40 
2015/02/13 15:15:30 INFO  - jmeter.threads.JMeterThread: Thread finished: Thread Group 1-40 
2015/02/13 15:15:30 INFO  - jmeter.threads.JMeterThread: Thread is done: Thread Group 1-38 
2015/02/13 15:15:30 INFO  - jmeter.threads.JMeterThread: Thread finished: Thread Group 1-38 
2015/02/13 15:15:30 INFO  - jmeter.threads.JMeterThread: Thread is done: Thread Group 1-41 
2015/02/13 15:15:30 INFO  - jmeter.threads.JMeterThread: Thread finished: Thread Group 1-41 
2015/02/13 15:15:31 INFO  - jmeter.threads.JMeterThread: Thread is done: Thread Group 1-42 
2015/02/13 15:15:31 INFO  - jmeter.threads.JMeterThread: Thread finished: Thread Group 1-42 
2015/02/13 15:15:31 INFO  - jmeter.threads.JMeterThread: Thread is done: Thread Group 1-43 
2015/02/13 15:15:31 INFO  - jmeter.threads.JMeterThread: Thread finished: Thread Group 1-43 
2015/02/13 15:15:32 INFO  - jmeter.threads.JMeterThread: Thread is done: Thread Group 1-44 
2015/02/13 15:15:32 INFO  - jmeter.threads.JMeterThread: Thread finished: Thread Group 1-44 
2015/02/13 15:15:34 INFO  - jmeter.threads.JMeterThread: Thread is done: Thread Group 1-45 
2015/02/13 15:15:34 INFO  - jmeter.threads.JMeterThread: Thread finished: Thread Group 1-45 
2015/02/13 15:15:34 INFO  - jmeter.threads.JMeterThread: Thread is done: Thread Group 1-46 
2015/02/13 15:15:34 INFO  - jmeter.threads.JMeterThread: Thread finished: Thread Group 1-46 
2015/02/13 15:15:36 INFO  - jmeter.threads.JMeterThread: Thread is done: Thread Group 1-47 
2015/02/13 15:15:36 INFO  - jmeter.threads.JMeterThread: Thread finished: Thread Group 1-47 
2015/02/13 15:15:38 INFO  - jmeter.threads.JMeterThread: Thread is done: Thread Group 1-48 
2015/02/13 15:15:38 INFO  - jmeter.threads.JMeterThread: Thread finished: Thread Group 1-48 
2015/02/13 15:15:39 INFO  - jmeter.threads.JMeterThread: Thread is done: Thread Group 1-50 
2015/02/13 15:15:39 INFO  - jmeter.threads.JMeterThread: Thread finished: Thread Group 1-50 
2015/02/13 15:15:39 INFO  - jmeter.threads.JMeterThread: Thread is done: Thread Group 1-49 
2015/02/13 15:15:39 INFO  - jmeter.threads.JMeterThread: Thread finished: Thread Group 1-49 
2015/02/13 15:15:40 INFO  - jmeter.threads.JMeterThread: Thread is done: Thread Group 1-51 
2015/02/13 15:15:40 INFO  - jmeter.threads.JMeterThread: Thread finished: Thread Group 1-51 
2015/02/13 15:15:41 INFO  - jmeter.threads.JMeterThread: Thread is done: Thread Group 1-52 
2015/02/13 15:15:41 INFO  - jmeter.threads.JMeterThread: Thread finished: Thread Group 1-52 
2015/02/13 15:15:42 INFO  - jmeter.threads.JMeterThread: Thread is done: Thread Group 1-53 
2015/02/13 15:15:42 INFO  - jmeter.threads.JMeterThread: Thread finished: Thread Group 1-53 
2015/02/13 15:15:44 INFO  - jmeter.threads.JMeterThread: Thread is done: Thread Group 1-54 
2015/02/13 15:15:44 INFO  - jmeter.threads.JMeterThread: Thread finished: Thread Group 1-54 
2015/02/13 15:15:46 INFO  - jmeter.threads.JMeterThread: Thread is done: Thread Group 1-55 
2015/02/13 15:15:46 INFO  - jmeter.threads.JMeterThread: Thread finished: Thread Group 1-55 
2015/02/13 15:15:47 INFO  - jmeter.threads.JMeterThread: Thread is done: Thread Group 1-56 
2015/02/13 15:15:47 INFO  - jmeter.threads.JMeterThread: Thread finished: Thread Group 1-56 
2015/02/13 15:15:48 INFO  - jmeter.threads.JMeterThread: Thread is done: Thread Group 1-57 
2015/02/13 15:15:48 INFO  - jmeter.threads.JMeterThread: Thread finished: Thread Group 1-57 
2015/02/13 15:15:49 INFO  - jmeter.threads.JMeterThread: Thread is done: Thread Group 1-59 
2015/02/13 15:15:49 INFO  - jmeter.threads.JMeterThread: Thread finished: Thread Group 1-59 
2015/02/13 15:15:56 INFO  - jmeter.threads.JMeterThread: Thread is done: Thread Group 1-58 
2015/02/13 15:15:56 INFO  - jmeter.threads.JMeterThread: Thread finished: Thread Group 1-58 
2015/02/13 15:15:57 INFO  - jmeter.threads.JMeterThread: Thread is done: Thread Group 1-60 
2015/02/13 15:15:57 INFO  - jmeter.threads.JMeterThread: Thread finished: Thread Group 1-60 
2015/02/13 15:15:57 INFO  - jmeter.threads.JMeterThread: Thread is done: Thread Group 1-61 
2015/02/13 15:15:57 INFO  - jmeter.threads.JMeterThread: Thread finished: Thread Group 1-61 
2015/02/13 15:15:59 INFO  - jmeter.threads.JMeterThread: Thread is done: Thread Group 1-63 
2015/02/13 15:15:59 INFO  - jmeter.threads.JMeterThread: Thread finished: Thread Group 1-63 
2015/02/13 15:15:59 INFO  - jmeter.threads.JMeterThread: Thread is done: Thread Group 1-62 
2015/02/13 15:15:59 INFO  - jmeter.threads.JMeterThread: Thread finished: Thread Group 1-62 
2015/02/13 15:15:59 INFO  - jmeter.threads.JMeterThread: Thread is done: Thread Group 1-64 
2015/02/13 15:15:59 INFO  - jmeter.threads.JMeterThread: Thread finished: Thread Group 1-64 
2015/02/13 15:16:00 INFO  - jmeter.threads.JMeterThread: Thread is done: Thread Group 1-65 
2015/02/13 15:16:00 INFO  - jmeter.threads.JMeterThread: Thread finished: Thread Group 1-65 
2015/02/13 15:16:00 INFO  - jmeter.threads.JMeterThread: Thread is done: Thread Group 1-66 
2015/02/13 15:16:00 INFO  - jmeter.threads.JMeterThread: Thread finished: Thread Group 1-66 
2015/02/13 15:16:01 INFO  - jmeter.threads.JMeterThread: Thread is done: Thread Group 1-67 
2015/02/13 15:16:01 INFO  - jmeter.threads.JMeterThread: Thread finished: Thread Group 1-67 
2015/02/13 15:16:02 INFO  - jmeter.threads.JMeterThread: Thread is done: Thread Group 1-68 
2015/02/13 15:16:02 INFO  - jmeter.threads.JMeterThread: Thread finished: Thread Group 1-68 
2015/02/13 15:16:04 INFO  - jmeter.threads.JMeterThread: Thread is done: Thread Group 1-69 
2015/02/13 15:16:04 INFO  - jmeter.threads.JMeterThread: Thread finished: Thread Group 1-69 
2015/02/13 15:16:05 INFO  - jmeter.threads.JMeterThread: Thread is done: Thread Group 1-70 
2015/02/13 15:16:05 INFO  - jmeter.threads.JMeterThread: Thread finished: Thread Group 1-70 
2015/02/13 15:16:05 INFO  - jmeter.threads.JMeterThread: Thread is done: Thread Group 1-71 
2015/02/13 15:16:05 INFO  - jmeter.threads.JMeterThread: Thread finished: Thread Group 1-71 
2015/02/13 15:16:06 INFO  - jmeter.threads.JMeterThread: Thread is done: Thread Group 1-72 
2015/02/13 15:16:06 INFO  - jmeter.threads.JMeterThread: Thread finished: Thread Group 1-72 
2015/02/13 15:16:07 INFO  - jmeter.threads.JMeterThread: Thread is done: Thread Group 1-74 
2015/02/13 15:16:07 INFO  - jmeter.threads.JMeterThread: Thread finished: Thread Group 1-74 
2015/02/13 15:16:07 INFO  - jmeter.threads.JMeterThread: Thread is done: Thread Group 1-73 
2015/02/13 15:16:07 INFO  - jmeter.threads.JMeterThread: Thread finished: Thread Group 1-73 
2015/02/13 15:16:10 INFO  - jmeter.threads.JMeterThread: Thread is done: Thread Group 1-75 
2015/02/13 15:16:10 INFO  - jmeter.threads.JMeterThread: Thread finished: Thread Group 1-75 
2015/02/13 15:16:11 INFO  - jmeter.threads.JMeterThread: Thread is done: Thread Group 1-76 
2015/02/13 15:16:11 INFO  - jmeter.threads.JMeterThread: Thread finished: Thread Group 1-76 
2015/02/13 15:16:12 INFO  - jmeter.threads.JMeterThread: Thread is done: Thread Group 1-77 
2015/02/13 15:16:12 INFO  - jmeter.threads.JMeterThread: Thread finished: Thread Group 1-77 
2015/02/13 15:16:13 INFO  - jmeter.threads.JMeterThread: Thread is done: Thread Group 1-78 
2015/02/13 15:16:13 INFO  - jmeter.threads.JMeterThread: Thread finished: Thread Group 1-78 
2015/02/13 15:16:14 INFO  - jmeter.threads.JMeterThread: Thread is done: Thread Group 1-79 
2015/02/13 15:16:14 INFO  - jmeter.threads.JMeterThread: Thread finished: Thread Group 1-79 
2015/02/13 15:16:15 INFO  - jmeter.threads.JMeterThread: Thread is done: Thread Group 1-80 
2015/02/13 15:16:15 INFO  - jmeter.threads.JMeterThread: Thread finished: Thread Group 1-80 
2015/02/13 15:16:17 INFO  - jmeter.threads.JMeterThread: Thread is done: Thread Group 1-82 
2015/02/13 15:16:17 INFO  - jmeter.threads.JMeterThread: Thread finished: Thread Group 1-82 
2015/02/13 15:16:18 INFO  - jmeter.threads.JMeterThread: Thread is done: Thread Group 1-81 
2015/02/13 15:16:18 INFO  - jmeter.threads.JMeterThread: Thread finished: Thread Group 1-81 
2015/02/13 15:16:19 INFO  - jmeter.threads.JMeterThread: Thread is done: Thread Group 1-83 
2015/02/13 15:16:19 INFO  - jmeter.threads.JMeterThread: Thread finished: Thread Group 1-83 
2015/02/13 15:16:20 INFO  - jmeter.threads.JMeterThread: Thread is done: Thread Group 1-85 
2015/02/13 15:16:20 INFO  - jmeter.threads.JMeterThread: Thread finished: Thread Group 1-85 
2015/02/13 15:16:21 INFO  - jmeter.threads.JMeterThread: Thread is done: Thread Group 1-84 
2015/02/13 15:16:21 INFO  - jmeter.threads.JMeterThread: Thread finished: Thread Group 1-84 
2015/02/13 15:16:22 INFO  - jmeter.threads.JMeterThread: Thread is done: Thread Group 1-86 
2015/02/13 15:16:22 INFO  - jmeter.threads.JMeterThread: Thread finished: Thread Group 1-86 
2015/02/13 15:16:29 INFO  - jmeter.threads.JMeterThread: Thread is done: Thread Group 1-88 
2015/02/13 15:16:29 INFO  - jmeter.threads.JMeterThread: Thread finished: Thread Group 1-88 
2015/02/13 15:16:30 INFO  - jmeter.threads.JMeterThread: Thread is done: Thread Group 1-87 
2015/02/13 15:16:30 INFO  - jmeter.threads.JMeterThread: Thread finished: Thread Group 1-87 
2015/02/13 15:16:30 INFO  - jmeter.threads.JMeterThread: Thread is done: Thread Group 1-92 
2015/02/13 15:16:30 INFO  - jmeter.threads.JMeterThread: Thread finished: Thread Group 1-92 
2015/02/13 15:16:30 INFO  - jmeter.threads.JMeterThread: Thread is done: Thread Group 1-89 
2015/02/13 15:16:30 INFO  - jmeter.threads.JMeterThread: Thread finished: Thread Group 1-89 
2015/02/13 15:16:30 INFO  - jmeter.threads.JMeterThread: Thread is done: Thread Group 1-91 
2015/02/13 15:16:30 INFO  - jmeter.threads.JMeterThread: Thread finished: Thread Group 1-91 
2015/02/13 15:16:31 INFO  - jmeter.threads.JMeterThread: Thread is done: Thread Group 1-90 
2015/02/13 15:16:31 INFO  - jmeter.threads.JMeterThread: Thread finished: Thread Group 1-90 
2015/02/13 15:16:31 INFO  - jmeter.threads.JMeterThread: Thread is done: Thread Group 1-93 
2015/02/13 15:16:31 INFO  - jmeter.threads.JMeterThread: Thread finished: Thread Group 1-93 
2015/02/13 15:16:35 INFO  - jmeter.threads.JMeterThread: Thread is done: Thread Group 1-96 
2015/02/13 15:16:35 INFO  - jmeter.threads.JMeterThread: Thread finished: Thread Group 1-96 
2015/02/13 15:16:36 INFO  - jmeter.threads.JMeterThread: Thread is done: Thread Group 1-94 
2015/02/13 15:16:36 INFO  - jmeter.threads.JMeterThread: Thread finished: Thread Group 1-94 
2015/02/13 15:16:36 INFO  - jmeter.threads.JMeterThread: Thread is done: Thread Group 1-95 
2015/02/13 15:16:36 INFO  - jmeter.threads.JMeterThread: Thread finished: Thread Group 1-95 
2015/02/13 15:16:36 INFO  - jmeter.threads.JMeterThread: Thread is done: Thread Group 1-97 
2015/02/13 15:16:36 INFO  - jmeter.threads.JMeterThread: Thread finished: Thread Group 1-97 
2015/02/13 15:16:38 INFO  - jmeter.threads.JMeterThread: Thread is done: Thread Group 1-99 
2015/02/13 15:16:38 INFO  - jmeter.threads.JMeterThread: Thread finished: Thread Group 1-99 
2015/02/13 15:16:38 INFO  - jmeter.threads.JMeterThread: Thread is done: Thread Group 1-98 
2015/02/13 15:16:38 INFO  - jmeter.threads.JMeterThread: Thread finished: Thread Group 1-98 
2015/02/13 15:16:39 INFO  - jmeter.threads.JMeterThread: Thread is done: Thread Group 1-100 
2015/02/13 15:16:39 INFO  - jmeter.threads.JMeterThread: Thread finished: Thread Group 1-100 
2015/02/13 15:16:39 INFO  - jmeter.engine.StandardJMeterEngine: Notifying test listeners of end of test 
2015/02/13 15:16:39 INFO  - jmeter.services.FileServer: Close: /home/ubuntu/load.csv 
2015/02/13 15:16:39 INFO  - jmeter.gui.util.JMeterMenuBar: setRunning(false,*local*) 
2015/02/13 15:23:26 INFO  - kg.apc.charting.GraphPanelChart: Saving PNG to /home/ubuntu/100 avec 1 CPU.png 
